\BOOKMARK [0][-]{contents.0}{Contents}{}% 1
\BOOKMARK [0][-]{section*.3}{Figures}{}% 2
\BOOKMARK [0][-]{section*.5}{Tables}{}% 3
\BOOKMARK [0][-]{section*.7}{Listings}{}% 4
\BOOKMARK [0][-]{section*.9}{Abbreviations}{}% 5
\BOOKMARK [0][-]{section*.10}{Symbols}{}% 6
\BOOKMARK [0][-]{chapter.1}{Introduction}{}% 7
\BOOKMARK [0][-]{chapter.2}{TEMPLATE INTRODUCTION}{}% 8
\BOOKMARK [0][-]{chapter.3}{TEMPLATE ELEMENTS}{}% 9
\BOOKMARK [1][-]{section.3.1}{Structure}{chapter.3}% 10
\BOOKMARK [2][-]{subsection.3.1.1}{Lists}{section.3.1}% 11
\BOOKMARK [2][-]{subsection.3.1.2}{Footnotes}{section.3.1}% 12
\BOOKMARK [2][-]{subsection.3.1.3}{ToDo-Notes}{section.3.1}% 13
\BOOKMARK [1][-]{section.3.2}{Formatting Text}{chapter.3}% 14
\BOOKMARK [2][-]{subsection.3.2.1}{Colors}{section.3.2}% 15
\BOOKMARK [1][-]{section.3.3}{Figures}{chapter.3}% 16
\BOOKMARK [2][-]{subsection.3.3.1}{Subfigures}{section.3.3}% 17
\BOOKMARK [1][-]{section.3.4}{Listings}{chapter.3}% 18
\BOOKMARK [1][-]{section.3.5}{Algorithms}{chapter.3}% 19
\BOOKMARK [1][-]{section.3.6}{Acronyms and Abbreviations}{chapter.3}% 20
\BOOKMARK [2][-]{subsection.3.6.1}{Common Abbreviations}{section.3.6}% 21
\BOOKMARK [2][-]{subsection.3.6.2}{Custom Abbreviations}{section.3.6}% 22
\BOOKMARK [2][-]{subsection.3.6.3}{Symbols}{section.3.6}% 23
\BOOKMARK [1][-]{section.3.7}{Citations and Bibliography}{chapter.3}% 24
\BOOKMARK [2][-]{subsection.3.7.1}{Misc}{section.3.7}% 25
\BOOKMARK [0][-]{chapter.4}{TEMPLATE COMPILING}{}% 26
\BOOKMARK [0][-]{appendix*.23}{Appendix}{}% 27
\BOOKMARK [1][-]{section.Alph0.1}{Some Appendix Section}{appendix*.23}% 28
\BOOKMARK [2][-]{subsection.Alph0.1.1}{Some Appendix Subsection}{section.Alph0.1}% 29
\BOOKMARK [0][-]{subsection.Alph0.1.1}{References}{}% 30
\BOOKMARK [0][-]{authorshipstatement.0}{Declaration of Authorship}{}% 31
